<?xml version="1.0" encoding="utf-8"?><testsuites name="pytest tests"><testsuite name="pytest" errors="0" failures="0" skipped="8" tests="8" time="0.061" timestamp="2026-06-13T12:01:52.275982+00:00" hostname="agent-env-bd3c9ce5-b196-43fc-bd93-d45cc078a6f7"><testcase classname="backend.tests.test_foundersea_api" name="test_health" time="0.000"><skipped type="pytest.skip" message="REACT_APP_BACKEND_URL is not set; skipping API tests">/app/backend/tests/test_foundersea_api.py:26: REACT_APP_BACKEND_URL is not set; skipping API tests</skipped></testcase><testcase classname="backend.tests.test_foundersea_api" name="test_contract_status" time="0.000"><skipped type="pytest.skip" message="REACT_APP_BACKEND_URL is not set; skipping API tests">/app/backend/tests/test_foundersea_api.py:37: REACT_APP_BACKEND_URL is not set; skipping API tests</skipped></testcase><testcase classname="backend.tests.test_foundersea_api" name="test_ideas_feed_filters" time="0.000"><skipped type="pytest.skip" message="REACT_APP_BACKEND_URL is not set; skipping API tests">/app/backend/tests/test_foundersea_api.py:49: REACT_APP_BACKEND_URL is not set; skipping API tests</skipped></testcase><testcase classname="backend.tests.test_foundersea_api" name="test_investor_portfolio_metrics" time="0.000"><skipped type="pytest.skip" message="REACT_APP_BACKEND_URL is not set; skipping API tests">/app/backend/tests/test_foundersea_api.py:67: REACT_APP_BACKEND_URL is not set; skipping API tests</skipped></testcase><testcase classname="backend.tests.test_foundersea_api" name="test_builder_profiles" time="0.000"><skipped type="pytest.skip" message="REACT_APP_BACKEND_URL is not set; skipping API tests">/app/backend/tests/test_foundersea_api.py:79: REACT_APP_BACKEND_URL is not set; skipping API tests</skipped></testcase><testcase classname="backend.tests.test_foundersea_api" name="test_ai_review_queue" time="0.000"><skipped type="pytest.skip" message="REACT_APP_BACKEND_URL is not set; skipping API tests">/app/backend/tests/test_foundersea_api.py:92: REACT_APP_BACKEND_URL is not set; skipping API tests</skipped></testcase><testcase classname="backend.tests.test_foundersea_api" name="test_ai_recommendation_response" time="0.000"><skipped type="pytest.skip" message="REACT_APP_BACKEND_URL is not set; skipping API tests">/app/backend/tests/test_foundersea_api.py:103: REACT_APP_BACKEND_URL is not set; skipping API tests</skipped></testcase><testcase classname="backend.tests.test_foundersea_api" name="test_tax_csv_export" time="0.000"><skipped type="pytest.skip" message="REACT_APP_BACKEND_URL is not set; skipping API tests">/app/backend/tests/test_foundersea_api.py:118: REACT_APP_BACKEND_URL is not set; skipping API tests</skipped></testcase></testsuite></testsuites>