<?xml version="1.0" encoding="utf-8"?><testsuites name="pytest tests"><testsuite name="pytest" errors="0" failures="0" skipped="0" tests="8" time="3.451" timestamp="2026-06-13T11:27:37.317929+00:00" hostname="agent-env-bd3c9ce5-b196-43fc-bd93-d45cc078a6f7"><testcase classname="backend.tests.test_foundersea_api" name="test_health" time="0.008" /><testcase classname="backend.tests.test_foundersea_api" name="test_contract_status" time="0.003" /><testcase classname="backend.tests.test_foundersea_api" name="test_ideas_feed_filters" time="0.004" /><testcase classname="backend.tests.test_foundersea_api" name="test_investor_portfolio_metrics" time="0.007" /><testcase classname="backend.tests.test_foundersea_api" name="test_builder_profiles" time="0.003" /><testcase classname="backend.tests.test_foundersea_api" name="test_ai_review_queue" time="0.002" /><testcase classname="backend.tests.test_foundersea_api" name="test_ai_recommendation_response" time="3.361" /><testcase classname="backend.tests.test_foundersea_api" name="test_tax_csv_export" time="0.003" /></testsuite></testsuites>