<?xml version="1.0" encoding="utf-8"?><testsuites name="pytest tests"><testsuite name="pytest" errors="0" failures="1" skipped="0" tests="17" time="8.525" timestamp="2026-06-13T12:02:23.089022+00:00" hostname="agent-env-bd3c9ce5-b196-43fc-bd93-d45cc078a6f7"><testcase classname="backend.tests.test_foundersea_api" name="test_health" time="0.013" /><testcase classname="backend.tests.test_foundersea_api" name="test_contract_status" time="0.003" /><testcase classname="backend.tests.test_foundersea_api" name="test_ideas_feed_filters" time="0.012" /><testcase classname="backend.tests.test_foundersea_api" name="test_investor_portfolio_metrics" time="0.003" /><testcase classname="backend.tests.test_foundersea_api" name="test_builder_profiles" time="0.003"><failure message="KeyError: 'count'">backend/tests/test_foundersea_api.py:84: in test_builder_profiles
    assert data["count"] &gt;= 1
           ^^^^^^^^^^^^^
E   KeyError: 'count'</failure></testcase><testcase classname="backend.tests.test_foundersea_api" name="test_ai_review_queue" time="0.003" /><testcase classname="backend.tests.test_foundersea_api" name="test_ai_recommendation_response" time="8.351" /><testcase classname="backend.tests.test_foundersea_api" name="test_tax_csv_export" time="0.004" /><testcase classname="backend.tests.test_foundersea_pages_api" name="test_discovery_endpoint" time="0.004" /><testcase classname="backend.tests.test_foundersea_pages_api" name="test_idea_details_endpoint" time="0.004" /><testcase classname="backend.tests.test_foundersea_pages_api" name="test_milestone_details_endpoint" time="0.003" /><testcase classname="backend.tests.test_foundersea_pages_api" name="test_builder_details_endpoint" time="0.003" /><testcase classname="backend.tests.test_foundersea_pages_api" name="test_portfolio_endpoint" time="0.003" /><testcase classname="backend.tests.test_foundersea_pages_api" name="test_chair_endpoint" time="0.003" /><testcase classname="backend.tests.test_foundersea_pages_api" name="test_create_config_endpoint" time="0.003" /><testcase classname="backend.tests.test_foundersea_pages_api" name="test_agent_monitor_endpoint" time="0.002" /><testcase classname="backend.tests.test_foundersea_pages_api" name="test_contracts_status_endpoint" time="0.002" /></testsuite></testsuites>